2025-03-28 16:02:01.298 [INFO ] com.jinhuajia.log_management.LogManagementApplication - Starting LogManagementApplication using Java 21.0.3 with PID 5244 (D:\StudyNotes\6.hxjs-zjsj\hxjs-zjsj\log_management_05\target\classes started by 26258 in D:\StudyNotes\6.hxjs-zjsj\hxjs-zjsj)
2025-03-28 16:02:01.304 [DEBUG] com.jinhuajia.log_management.LogManagementApplication - Running with Spring Boot v3.2.4, Spring v6.1.5
2025-03-28 16:02:01.305 [INFO ] com.jinhuajia.log_management.LogManagementApplication - No active profile set, falling back to 1 default profile: "default"
2025-03-28 16:02:02.128 [INFO ] org.springframework.boot.web.embedded.tomcat.TomcatWebServer - Tomcat initialized with port 8080 (http)
2025-03-28 16:02:02.141 [INFO ] org.apache.coyote.http11.Http11NioProtocol - Initializing ProtocolHandler ["http-nio-8080"]
2025-03-28 16:02:02.143 [INFO ] org.apache.catalina.core.StandardService - Starting service [Tomcat]
2025-03-28 16:02:02.143 [INFO ] org.apache.catalina.core.StandardEngine - Starting Servlet engine: [Apache Tomcat/10.1.19]
2025-03-28 16:02:02.197 [INFO ] org.apache.catalina.core.ContainerBase.[Tomcat].[localhost].[/] - Initializing Spring embedded WebApplicationContext
2025-03-28 16:02:02.197 [INFO ] org.springframework.boot.web.servlet.context.ServletWebServerApplicationContext - Root WebApplicationContext: initialization completed in 852 ms
2025-03-28 16:02:02.528 [INFO ] org.apache.coyote.http11.Http11NioProtocol - Starting ProtocolHandler ["http-nio-8080"]
2025-03-28 16:02:02.546 [INFO ] org.springframework.boot.web.embedded.tomcat.TomcatWebServer - Tomcat started on port 8080 (http) with context path ''
2025-03-28 16:02:02.552 [INFO ] com.jinhuajia.log_management.LogManagementApplication - Started LogManagementApplication in 1.716 seconds (process running for 2.494)
2025-03-28 16:02:02.554 [ERROR] com.jinhuajia.log_management.LogManagementApplication - commons logging error...
2025-03-28 16:02:02.554 [INFO ] com.jinhuajia.log_management.LogManagementApplication - commons logging info...
2025-03-28 16:02:02.554 [DEBUG] com.jinhuajia.log_management.LogManagementApplication - commons logging debug...
2025-03-28 16:02:02.555 [ERROR] com.jinhuajia.log_management.LogManagementApplication - slf4j logging error...
2025-03-28 16:02:02.555 [INFO ] com.jinhuajia.log_management.LogManagementApplication - slf4j logging info...
2025-03-28 16:02:02.555 [DEBUG] com.jinhuajia.log_management.LogManagementApplication - slf4j logging debug...
2025-03-28 16:21:36.363 [INFO ] com.jinhuajia.log_management.LogManagementApplication - Starting LogManagementApplication using Java 21.0.3 with PID 20388 (D:\StudyNotes\6.hxjs-zjsj\hxjs-zjsj\log_management_05\target\classes started by 26258 in D:\StudyNotes\6.hxjs-zjsj\hxjs-zjsj)
2025-03-28 16:21:36.368 [DEBUG] com.jinhuajia.log_management.LogManagementApplication - Running with Spring Boot v3.2.4, Spring v6.1.5
2025-03-28 16:21:36.370 [INFO ] com.jinhuajia.log_management.LogManagementApplication - No active profile set, falling back to 1 default profile: "default"
2025-03-28 16:21:37.099 [INFO ] org.springframework.boot.web.embedded.tomcat.TomcatWebServer - Tomcat initialized with port 8080 (http)
2025-03-28 16:21:37.111 [INFO ] org.apache.coyote.http11.Http11NioProtocol - Initializing ProtocolHandler ["http-nio-8080"]
2025-03-28 16:21:37.112 [INFO ] org.apache.catalina.core.StandardService - Starting service [Tomcat]
2025-03-28 16:21:37.113 [INFO ] org.apache.catalina.core.StandardEngine - Starting Servlet engine: [Apache Tomcat/10.1.19]
2025-03-28 16:21:37.154 [INFO ] org.apache.catalina.core.ContainerBase.[Tomcat].[localhost].[/] - Initializing Spring embedded WebApplicationContext
2025-03-28 16:21:37.154 [INFO ] org.springframework.boot.web.servlet.context.ServletWebServerApplicationContext - Root WebApplicationContext: initialization completed in 747 ms
2025-03-28 16:21:37.442 [INFO ] org.apache.coyote.http11.Http11NioProtocol - Starting ProtocolHandler ["http-nio-8080"]
2025-03-28 16:21:37.459 [INFO ] org.springframework.boot.web.embedded.tomcat.TomcatWebServer - Tomcat started on port 8080 (http) with context path ''
2025-03-28 16:21:37.464 [INFO ] com.jinhuajia.log_management.LogManagementApplication - Started LogManagementApplication in 1.525 seconds (process running for 2.27)
2025-03-28 16:21:37.467 [ERROR] com.jinhuajia.log_management.LogManagementApplication - commons logging error...
2025-03-28 16:21:37.467 [INFO ] com.jinhuajia.log_management.LogManagementApplication - commons logging info...
2025-03-28 16:21:37.467 [DEBUG] com.jinhuajia.log_management.LogManagementApplication - commons logging debug...
2025-03-28 16:21:37.467 [ERROR] com.jinhuajia.log_management.LogManagementApplication - slf4j logging error...
2025-03-28 16:21:37.467 [INFO ] com.jinhuajia.log_management.LogManagementApplication - slf4j logging info...
2025-03-28 16:21:37.467 [DEBUG] com.jinhuajia.log_management.LogManagementApplication - slf4j logging debug...
